<?xml version="1.0" encoding="UTF-8" standalone="no"?>
<testsuite errors="0" failures="4" name="io.cucumber.core.plugin.JUnitFormatter" skipped="0" tests="5" time="115.135">
    <testcase classname="feature to test New Home Loan (ENQUIRE) functionality" name="Validate New Home Loan (ENQUIRE) is working" time="46.26">
        <system-out><![CDATA[Given browser is open.......................................................passed
And user is on login page...................................................passed
When user go to Home loans..................................................passed
And user click Request a call back..........................................passed
And user click I need help call me back.....................................passed
And user click New home loans and next button...............................passed
And user select a loan Buying a new property and click next button..........passed
Then provide if existing customer Yes and NAB ID 1234.......................passed
And provide firstname Mark..................................................passed
And provide lastname Cielos.................................................passed
And provide state NSW.......................................................passed
And provide phone 123456789.................................................passed
And provide email markcielos@test.email.....................................passed
And user take screenshot and close browser..................................passed
]]></system-out>
    </testcase>
    <testcase classname="feature to test New Home Loan (ENQUIRE) functionality" name="Validate New Home Loan (ENQUIRE) is working 2" time="17.291">
        <failure message="javascript error: Cannot read properties of null (reading 'shadowRoot')&#10;  (Session info: chrome=101.0.4951.67)&#10;Build info: version: '4.0.0-alpha-7', revision: 'de8579b6d5'&#10;System info: host: 'LAPTOP-6NEFTS9P', ip: '192.168.100.2', os.name: 'Windows 10', os.arch: 'amd64', os.version: '10.0', java.version: '15.0.2'&#10;Driver info: org.openqa.selenium.chrome.ChromeDriver&#10;Capabilities {acceptInsecureCerts: false, browserName: chrome, browserVersion: 101.0.4951.67, chrome: {chromedriverVersion: 101.0.4951.41 (93c720db8323..., userDataDir: C:\Users\mark_\AppData\Loca...}, goog:chromeOptions: {debuggerAddress: localhost:60561}, javascriptEnabled: true, networkConnectionEnabled: false, pageLoadStrategy: normal, platform: WINDOWS, platformName: WINDOWS, proxy: Proxy(), setWindowRect: true, strictFileInteractability: false, timeouts: {implicit: 0, pageLoad: 300000, script: 30000}, unhandledPromptBehavior: dismiss and notify, webauthn:extension:credBlob: true, webauthn:extension:largeBlob: true, webauthn:virtualAuthenticators: true}&#10;Session ID: bfd2b20a01b944fb6cb7a1f63bfe2f7e" type="org.openqa.selenium.JavascriptException"><![CDATA[Given browser is open.......................................................passed
And user is on login page...................................................passed
When user go to Home loans..................................................passed
And user click Request a call back..........................................passed
And user click I need help call me back.....................................passed
And user click New home loans and next button...............................failed
And user select a loan Buying a new property and click next button..........skipped
Then provide if existing customer No and NAB ID 0...........................skipped
And provide firstname Karl..................................................skipped
And provide lastname Thomas.................................................skipped
And provide state TAS.......................................................skipped
And provide phone 123456789.................................................skipped
And provide email karlthomas@test.email.....................................skipped
And user take screenshot and close browser..................................skipped

StackTrace:
org.openqa.selenium.JavascriptException: javascript error: Cannot read properties of null (reading 'shadowRoot')
  (Session info: chrome=101.0.4951.67)
Build info: version: '4.0.0-alpha-7', revision: 'de8579b6d5'
System info: host: 'LAPTOP-6NEFTS9P', ip: '192.168.100.2', os.name: 'Windows 10', os.arch: 'amd64', os.version: '10.0', java.version: '15.0.2'
Driver info: org.openqa.selenium.chrome.ChromeDriver
Capabilities {acceptInsecureCerts: false, browserName: chrome, browserVersion: 101.0.4951.67, chrome: {chromedriverVersion: 101.0.4951.41 (93c720db8323..., userDataDir: C:\Users\mark_\AppData\Loca...}, goog:chromeOptions: {debuggerAddress: localhost:60561}, javascriptEnabled: true, networkConnectionEnabled: false, pageLoadStrategy: normal, platform: WINDOWS, platformName: WINDOWS, proxy: Proxy(), setWindowRect: true, strictFileInteractability: false, timeouts: {implicit: 0, pageLoad: 300000, script: 30000}, unhandledPromptBehavior: dismiss and notify, webauthn:extension:credBlob: true, webauthn:extension:largeBlob: true, webauthn:virtualAuthenticators: true}
Session ID: bfd2b20a01b944fb6cb7a1f63bfe2f7e
	at java.base/jdk.internal.reflect.NativeConstructorAccessorImpl.newInstance0(Native Method)
	at java.base/jdk.internal.reflect.NativeConstructorAccessorImpl.newInstance(NativeConstructorAccessorImpl.java:64)
	at java.base/jdk.internal.reflect.DelegatingConstructorAccessorImpl.newInstance(DelegatingConstructorAccessorImpl.java:45)
	at java.base/java.lang.reflect.Constructor.newInstanceWithCaller(Constructor.java:500)
	at java.base/java.lang.reflect.Constructor.newInstance(Constructor.java:481)
	at org.openqa.selenium.remote.codec.w3c.W3CHttpResponseCodec.createException(W3CHttpResponseCodec.java:196)
	at org.openqa.selenium.remote.codec.w3c.W3CHttpResponseCodec.decode(W3CHttpResponseCodec.java:129)
	at org.openqa.selenium.remote.codec.w3c.W3CHttpResponseCodec.decode(W3CHttpResponseCodec.java:53)
	at org.openqa.selenium.remote.HttpCommandExecutor.execute(HttpCommandExecutor.java:167)
	at org.openqa.selenium.remote.service.DriverCommandExecutor.execute(DriverCommandExecutor.java:123)
	at org.openqa.selenium.remote.RemoteWebDriver.execute(RemoteWebDriver.java:501)
	at org.openqa.selenium.remote.RemoteWebDriver.executeScript(RemoteWebDriver.java:436)
	at StepsDefinitions.Enquire_NewHomeLoan_Steps_PF.user_click_New_home_loans_and_next_button(Enquire_NewHomeLoan_Steps_PF.java:90)
	at ✽.user click New home loans and next button(file:///C:/Users/mark_/GitHub_Projects/MarkCielos_UI-API_test/src/test/resources/Features/Enquire_NewHomeLoan.feature:10)
]]></failure>
    </testcase>
    <testcase classname="feature to test New Home Loan (ENQUIRE) functionality" name="Validate New Home Loan (ENQUIRE) is working 3" time="18.885">
        <failure message="javascript error: Cannot read properties of null (reading 'shadowRoot')&#10;  (Session info: chrome=101.0.4951.67)&#10;Build info: version: '4.0.0-alpha-7', revision: 'de8579b6d5'&#10;System info: host: 'LAPTOP-6NEFTS9P', ip: '192.168.100.2', os.name: 'Windows 10', os.arch: 'amd64', os.version: '10.0', java.version: '15.0.2'&#10;Driver info: org.openqa.selenium.chrome.ChromeDriver&#10;Capabilities {acceptInsecureCerts: false, browserName: chrome, browserVersion: 101.0.4951.67, chrome: {chromedriverVersion: 101.0.4951.41 (93c720db8323..., userDataDir: C:\Users\mark_\AppData\Loca...}, goog:chromeOptions: {debuggerAddress: localhost:60637}, javascriptEnabled: true, networkConnectionEnabled: false, pageLoadStrategy: normal, platform: WINDOWS, platformName: WINDOWS, proxy: Proxy(), setWindowRect: true, strictFileInteractability: false, timeouts: {implicit: 0, pageLoad: 300000, script: 30000}, unhandledPromptBehavior: dismiss and notify, webauthn:extension:credBlob: true, webauthn:extension:largeBlob: true, webauthn:virtualAuthenticators: true}&#10;Session ID: 73f1bf07ac383a4cb4e2eb1df2827c67" type="org.openqa.selenium.JavascriptException"><![CDATA[Given browser is open.......................................................passed
And user is on login page...................................................passed
When user go to Home loans..................................................passed
And user click Request a call back..........................................passed
And user click I need help call me back.....................................passed
And user click New home loans and next button...............................failed
And user select a loan Switching my loan to NAB and click next button.......skipped
Then provide if existing customer Yes and NAB ID 5678.......................skipped
And provide firstname Harry.................................................skipped
And provide lastname Potter.................................................skipped
And provide state WA........................................................skipped
And provide phone 123456789.................................................skipped
And provide email harrypotter@test.email....................................skipped
And user take screenshot and close browser..................................skipped

StackTrace:
org.openqa.selenium.JavascriptException: javascript error: Cannot read properties of null (reading 'shadowRoot')
  (Session info: chrome=101.0.4951.67)
Build info: version: '4.0.0-alpha-7', revision: 'de8579b6d5'
System info: host: 'LAPTOP-6NEFTS9P', ip: '192.168.100.2', os.name: 'Windows 10', os.arch: 'amd64', os.version: '10.0', java.version: '15.0.2'
Driver info: org.openqa.selenium.chrome.ChromeDriver
Capabilities {acceptInsecureCerts: false, browserName: chrome, browserVersion: 101.0.4951.67, chrome: {chromedriverVersion: 101.0.4951.41 (93c720db8323..., userDataDir: C:\Users\mark_\AppData\Loca...}, goog:chromeOptions: {debuggerAddress: localhost:60637}, javascriptEnabled: true, networkConnectionEnabled: false, pageLoadStrategy: normal, platform: WINDOWS, platformName: WINDOWS, proxy: Proxy(), setWindowRect: true, strictFileInteractability: false, timeouts: {implicit: 0, pageLoad: 300000, script: 30000}, unhandledPromptBehavior: dismiss and notify, webauthn:extension:credBlob: true, webauthn:extension:largeBlob: true, webauthn:virtualAuthenticators: true}
Session ID: 73f1bf07ac383a4cb4e2eb1df2827c67
	at java.base/jdk.internal.reflect.NativeConstructorAccessorImpl.newInstance0(Native Method)
	at java.base/jdk.internal.reflect.NativeConstructorAccessorImpl.newInstance(NativeConstructorAccessorImpl.java:64)
	at java.base/jdk.internal.reflect.DelegatingConstructorAccessorImpl.newInstance(DelegatingConstructorAccessorImpl.java:45)
	at java.base/java.lang.reflect.Constructor.newInstanceWithCaller(Constructor.java:500)
	at java.base/java.lang.reflect.Constructor.newInstance(Constructor.java:481)
	at org.openqa.selenium.remote.codec.w3c.W3CHttpResponseCodec.createException(W3CHttpResponseCodec.java:196)
	at org.openqa.selenium.remote.codec.w3c.W3CHttpResponseCodec.decode(W3CHttpResponseCodec.java:129)
	at org.openqa.selenium.remote.codec.w3c.W3CHttpResponseCodec.decode(W3CHttpResponseCodec.java:53)
	at org.openqa.selenium.remote.HttpCommandExecutor.execute(HttpCommandExecutor.java:167)
	at org.openqa.selenium.remote.service.DriverCommandExecutor.execute(DriverCommandExecutor.java:123)
	at org.openqa.selenium.remote.RemoteWebDriver.execute(RemoteWebDriver.java:501)
	at org.openqa.selenium.remote.RemoteWebDriver.executeScript(RemoteWebDriver.java:436)
	at StepsDefinitions.Enquire_NewHomeLoan_Steps_PF.user_click_New_home_loans_and_next_button(Enquire_NewHomeLoan_Steps_PF.java:90)
	at ✽.user click New home loans and next button(file:///C:/Users/mark_/GitHub_Projects/MarkCielos_UI-API_test/src/test/resources/Features/Enquire_NewHomeLoan.feature:10)
]]></failure>
    </testcase>
    <testcase classname="feature to test New Home Loan (ENQUIRE) functionality" name="Validate New Home Loan (ENQUIRE) is working 4" time="16.525">
        <failure message="javascript error: Cannot read properties of null (reading 'shadowRoot')&#10;  (Session info: chrome=101.0.4951.67)&#10;Build info: version: '4.0.0-alpha-7', revision: 'de8579b6d5'&#10;System info: host: 'LAPTOP-6NEFTS9P', ip: '192.168.100.2', os.name: 'Windows 10', os.arch: 'amd64', os.version: '10.0', java.version: '15.0.2'&#10;Driver info: org.openqa.selenium.chrome.ChromeDriver&#10;Capabilities {acceptInsecureCerts: false, browserName: chrome, browserVersion: 101.0.4951.67, chrome: {chromedriverVersion: 101.0.4951.41 (93c720db8323..., userDataDir: C:\Users\mark_\AppData\Loca...}, goog:chromeOptions: {debuggerAddress: localhost:60708}, javascriptEnabled: true, networkConnectionEnabled: false, pageLoadStrategy: normal, platform: WINDOWS, platformName: WINDOWS, proxy: Proxy(), setWindowRect: true, strictFileInteractability: false, timeouts: {implicit: 0, pageLoad: 300000, script: 30000}, unhandledPromptBehavior: dismiss and notify, webauthn:extension:credBlob: true, webauthn:extension:largeBlob: true, webauthn:virtualAuthenticators: true}&#10;Session ID: 00b93bc426aa8e3ddc53aa2a73cb413c" type="org.openqa.selenium.JavascriptException"><![CDATA[Given browser is open.......................................................passed
And user is on login page...................................................passed
When user go to Home loans..................................................passed
And user click Request a call back..........................................passed
And user click I need help call me back.....................................passed
And user click New home loans and next button...............................failed
And user select a loan First home loan deposit scheme and click next button.skipped
Then provide if existing customer No and NAB ID 0...........................skipped
And provide firstname Link..................................................skipped
And provide lastname Zelda..................................................skipped
And provide state SA........................................................skipped
And provide phone 123456789.................................................skipped
And provide email linkzelda@test.email......................................skipped
And user take screenshot and close browser..................................skipped

StackTrace:
org.openqa.selenium.JavascriptException: javascript error: Cannot read properties of null (reading 'shadowRoot')
  (Session info: chrome=101.0.4951.67)
Build info: version: '4.0.0-alpha-7', revision: 'de8579b6d5'
System info: host: 'LAPTOP-6NEFTS9P', ip: '192.168.100.2', os.name: 'Windows 10', os.arch: 'amd64', os.version: '10.0', java.version: '15.0.2'
Driver info: org.openqa.selenium.chrome.ChromeDriver
Capabilities {acceptInsecureCerts: false, browserName: chrome, browserVersion: 101.0.4951.67, chrome: {chromedriverVersion: 101.0.4951.41 (93c720db8323..., userDataDir: C:\Users\mark_\AppData\Loca...}, goog:chromeOptions: {debuggerAddress: localhost:60708}, javascriptEnabled: true, networkConnectionEnabled: false, pageLoadStrategy: normal, platform: WINDOWS, platformName: WINDOWS, proxy: Proxy(), setWindowRect: true, strictFileInteractability: false, timeouts: {implicit: 0, pageLoad: 300000, script: 30000}, unhandledPromptBehavior: dismiss and notify, webauthn:extension:credBlob: true, webauthn:extension:largeBlob: true, webauthn:virtualAuthenticators: true}
Session ID: 00b93bc426aa8e3ddc53aa2a73cb413c
	at java.base/jdk.internal.reflect.NativeConstructorAccessorImpl.newInstance0(Native Method)
	at java.base/jdk.internal.reflect.NativeConstructorAccessorImpl.newInstance(NativeConstructorAccessorImpl.java:64)
	at java.base/jdk.internal.reflect.DelegatingConstructorAccessorImpl.newInstance(DelegatingConstructorAccessorImpl.java:45)
	at java.base/java.lang.reflect.Constructor.newInstanceWithCaller(Constructor.java:500)
	at java.base/java.lang.reflect.Constructor.newInstance(Constructor.java:481)
	at org.openqa.selenium.remote.codec.w3c.W3CHttpResponseCodec.createException(W3CHttpResponseCodec.java:196)
	at org.openqa.selenium.remote.codec.w3c.W3CHttpResponseCodec.decode(W3CHttpResponseCodec.java:129)
	at org.openqa.selenium.remote.codec.w3c.W3CHttpResponseCodec.decode(W3CHttpResponseCodec.java:53)
	at org.openqa.selenium.remote.HttpCommandExecutor.execute(HttpCommandExecutor.java:167)
	at org.openqa.selenium.remote.service.DriverCommandExecutor.execute(DriverCommandExecutor.java:123)
	at org.openqa.selenium.remote.RemoteWebDriver.execute(RemoteWebDriver.java:501)
	at org.openqa.selenium.remote.RemoteWebDriver.executeScript(RemoteWebDriver.java:436)
	at StepsDefinitions.Enquire_NewHomeLoan_Steps_PF.user_click_New_home_loans_and_next_button(Enquire_NewHomeLoan_Steps_PF.java:90)
	at ✽.user click New home loans and next button(file:///C:/Users/mark_/GitHub_Projects/MarkCielos_UI-API_test/src/test/resources/Features/Enquire_NewHomeLoan.feature:10)
]]></failure>
    </testcase>
    <testcase classname="feature to test New Home Loan (ENQUIRE) functionality" name="Validate New Home Loan (ENQUIRE) is working 5" time="15.886">
        <failure message="javascript error: Cannot read properties of null (reading 'shadowRoot')&#10;  (Session info: chrome=101.0.4951.67)&#10;Build info: version: '4.0.0-alpha-7', revision: 'de8579b6d5'&#10;System info: host: 'LAPTOP-6NEFTS9P', ip: '192.168.100.2', os.name: 'Windows 10', os.arch: 'amd64', os.version: '10.0', java.version: '15.0.2'&#10;Driver info: org.openqa.selenium.chrome.ChromeDriver&#10;Capabilities {acceptInsecureCerts: false, browserName: chrome, browserVersion: 101.0.4951.67, chrome: {chromedriverVersion: 101.0.4951.41 (93c720db8323..., userDataDir: C:\Users\mark_\AppData\Loca...}, goog:chromeOptions: {debuggerAddress: localhost:60787}, javascriptEnabled: true, networkConnectionEnabled: false, pageLoadStrategy: normal, platform: WINDOWS, platformName: WINDOWS, proxy: Proxy(), setWindowRect: true, strictFileInteractability: false, timeouts: {implicit: 0, pageLoad: 300000, script: 30000}, unhandledPromptBehavior: dismiss and notify, webauthn:extension:credBlob: true, webauthn:extension:largeBlob: true, webauthn:virtualAuthenticators: true}&#10;Session ID: a75b40c70bd81f2a8a06990daf5a14ef" type="org.openqa.selenium.JavascriptException"><![CDATA[Given browser is open.......................................................passed
And user is on login page...................................................passed
When user go to Home loans..................................................passed
And user click Request a call back..........................................passed
And user click I need help call me back.....................................passed
And user click New home loans and next button...............................failed
And user select a loan Family home guarantee and click next button..........skipped
Then provide if existing customer Yes and NAB ID 9012.......................skipped
And provide firstname Shin..................................................skipped
And provide lastname Ryu....................................................skipped
And provide state VIC.......................................................skipped
And provide phone 123456789.................................................skipped
And provide email shinryu@test.email........................................skipped
And user take screenshot and close browser..................................skipped

StackTrace:
org.openqa.selenium.JavascriptException: javascript error: Cannot read properties of null (reading 'shadowRoot')
  (Session info: chrome=101.0.4951.67)
Build info: version: '4.0.0-alpha-7', revision: 'de8579b6d5'
System info: host: 'LAPTOP-6NEFTS9P', ip: '192.168.100.2', os.name: 'Windows 10', os.arch: 'amd64', os.version: '10.0', java.version: '15.0.2'
Driver info: org.openqa.selenium.chrome.ChromeDriver
Capabilities {acceptInsecureCerts: false, browserName: chrome, browserVersion: 101.0.4951.67, chrome: {chromedriverVersion: 101.0.4951.41 (93c720db8323..., userDataDir: C:\Users\mark_\AppData\Loca...}, goog:chromeOptions: {debuggerAddress: localhost:60787}, javascriptEnabled: true, networkConnectionEnabled: false, pageLoadStrategy: normal, platform: WINDOWS, platformName: WINDOWS, proxy: Proxy(), setWindowRect: true, strictFileInteractability: false, timeouts: {implicit: 0, pageLoad: 300000, script: 30000}, unhandledPromptBehavior: dismiss and notify, webauthn:extension:credBlob: true, webauthn:extension:largeBlob: true, webauthn:virtualAuthenticators: true}
Session ID: a75b40c70bd81f2a8a06990daf5a14ef
	at java.base/jdk.internal.reflect.NativeConstructorAccessorImpl.newInstance0(Native Method)
	at java.base/jdk.internal.reflect.NativeConstructorAccessorImpl.newInstance(NativeConstructorAccessorImpl.java:64)
	at java.base/jdk.internal.reflect.DelegatingConstructorAccessorImpl.newInstance(DelegatingConstructorAccessorImpl.java:45)
	at java.base/java.lang.reflect.Constructor.newInstanceWithCaller(Constructor.java:500)
	at java.base/java.lang.reflect.Constructor.newInstance(Constructor.java:481)
	at org.openqa.selenium.remote.codec.w3c.W3CHttpResponseCodec.createException(W3CHttpResponseCodec.java:196)
	at org.openqa.selenium.remote.codec.w3c.W3CHttpResponseCodec.decode(W3CHttpResponseCodec.java:129)
	at org.openqa.selenium.remote.codec.w3c.W3CHttpResponseCodec.decode(W3CHttpResponseCodec.java:53)
	at org.openqa.selenium.remote.HttpCommandExecutor.execute(HttpCommandExecutor.java:167)
	at org.openqa.selenium.remote.service.DriverCommandExecutor.execute(DriverCommandExecutor.java:123)
	at org.openqa.selenium.remote.RemoteWebDriver.execute(RemoteWebDriver.java:501)
	at org.openqa.selenium.remote.RemoteWebDriver.executeScript(RemoteWebDriver.java:436)
	at StepsDefinitions.Enquire_NewHomeLoan_Steps_PF.user_click_New_home_loans_and_next_button(Enquire_NewHomeLoan_Steps_PF.java:90)
	at ✽.user click New home loans and next button(file:///C:/Users/mark_/GitHub_Projects/MarkCielos_UI-API_test/src/test/resources/Features/Enquire_NewHomeLoan.feature:10)
]]></failure>
    </testcase>
</testsuite>
